Started by user test test
Running as SYSTEM
Building in workspace /var/jenkins_home/workspace/eCommerce Project
The recommended git tool is: NONE
No credentials specified
 > git rev-parse --is-inside-work-tree # timeout=10
Fetching changes from the remote Git repository
 > git config remote.origin.url https://github.com/kasiam87/eCommerceApp.git # timeout=10
Fetching upstream changes from https://github.com/kasiam87/eCommerceApp.git
 > git --version # timeout=10
 > git --version # 'git version 2.20.1'
 > git fetch --tags --force --progress -- https://github.com/kasiam87/eCommerceApp.git +refs/heads/*:refs/remotes/origin/* # timeout=10
Seen branch in repository origin/add-gitignore
Seen branch in repository origin/add-tests
Seen branch in repository origin/ci_cd
Seen branch in repository origin/implement-auth
Seen branch in repository origin/logs
Seen branch in repository origin/main
Seen 6 remote branches
 > git show-ref --tags -d # timeout=10
Checking out Revision 7442d935d9d2ad086e8362a551110105b166e423 (origin/main, origin/ci_cd)
 > git config core.sparsecheckout # timeout=10
 > git checkout -f 7442d935d9d2ad086e8362a551110105b166e423 # timeout=10
Commit message: "Add splunk screenshots"
 > git rev-list --no-walk 7442d935d9d2ad086e8362a551110105b166e423 # timeout=10
 > git rev-list --no-walk 7442d935d9d2ad086e8362a551110105b166e423 # timeout=10
[eCommerce Project] $ /var/jenkins_home/tools/hudson.tasks.Maven_MavenInstallation/maven_3.6.3/bin/mvn -f pom.xml package
[INFO] Scanning for projects...
[INFO] 
[INFO] ---------------------< com.udacity:ecommerce-app >----------------------
[INFO] Building ecommerce-app 0.0.1-SNAPSHOT
[INFO] --------------------------------[ jar ]---------------------------------
[INFO] 
[INFO] --- maven-resources-plugin:3.1.0:resources (default-resources) @ ecommerce-app ---
[INFO] Using 'UTF-8' encoding to copy filtered resources.
[INFO] Copying 1 resource
[INFO] Copying 1 resource
[INFO] 
[INFO] --- maven-compiler-plugin:3.8.1:compile (default-compile) @ ecommerce-app ---
[INFO] Nothing to compile - all classes are up to date
[INFO] 
[INFO] --- maven-resources-plugin:3.1.0:testResources (default-testResources) @ ecommerce-app ---
[INFO] Using 'UTF-8' encoding to copy filtered resources.
[INFO] skip non existing resourceDirectory /var/jenkins_home/workspace/eCommerce Project/src/test/resources
[INFO] 
[INFO] --- maven-compiler-plugin:3.8.1:testCompile (default-testCompile) @ ecommerce-app ---
[INFO] Nothing to compile - all classes are up to date
[INFO] 
[INFO] --- maven-surefire-plugin:2.22.2:test (default-test) @ ecommerce-app ---
[INFO] 
[INFO] -------------------------------------------------------
[INFO]  T E S T S
[INFO] -------------------------------------------------------
[INFO] Running com.udacity.ecommerce.ECommerceApplicationTests
16:20:13.169 [main] DEBUG org.springframework.test.context.junit4.SpringJUnit4ClassRunner - SpringJUnit4ClassRunner constructor called with [class com.udacity.ecommerce.ECommerceApplicationTests]
16:20:13.180 [main] DEBUG org.springframework.test.context.BootstrapUtils - Instantiating CacheAwareContextLoaderDelegate from class [org.springframework.test.context.cache.DefaultCacheAwareContextLoaderDelegate]
16:20:13.200 [main] DEBUG org.springframework.test.context.BootstrapUtils - Instantiating BootstrapContext using constructor [public org.springframework.test.context.support.DefaultBootstrapContext(java.lang.Class,org.springframework.test.context.CacheAwareContextLoaderDelegate)]
16:20:13.229 [main] DEBUG org.springframework.test.context.BootstrapUtils - Instantiating TestContextBootstrapper for test class [com.udacity.ecommerce.ECommerceApplicationTests] from class [org.springframework.boot.test.context.SpringBootTestContextBootstrapper]
16:20:13.250 [main] INFO org.springframework.boot.test.context.SpringBootTestContextBootstrapper - Neither @ContextConfiguration nor @ContextHierarchy found for test class [com.udacity.ecommerce.ECommerceApplicationTests], using SpringBootContextLoader
16:20:13.260 [main] DEBUG org.springframework.test.context.support.AbstractContextLoader - Did not detect default resource location for test class [com.udacity.ecommerce.ECommerceApplicationTests]: class path resource [com/udacity/ecommerce/ECommerceApplicationTests-context.xml] does not exist
16:20:13.261 [main] DEBUG org.springframework.test.context.support.AbstractContextLoader - Did not detect default resource location for test class [com.udacity.ecommerce.ECommerceApplicationTests]: class path resource [com/udacity/ecommerce/ECommerceApplicationTestsContext.groovy] does not exist
16:20:13.261 [main] INFO org.springframework.test.context.support.AbstractContextLoader - Could not detect default resource locations for test class [com.udacity.ecommerce.ECommerceApplicationTests]: no resource found for suffixes {-context.xml, Context.groovy}.
16:20:13.263 [main] INFO org.springframework.test.context.support.AnnotationConfigContextLoaderUtils - Could not detect default configuration classes for test class [com.udacity.ecommerce.ECommerceApplicationTests]: ECommerceApplicationTests does not declare any static, non-private, non-final, nested classes annotated with @Configuration.
16:20:13.329 [main] DEBUG org.springframework.test.context.support.ActiveProfilesUtils - Could not find an 'annotation declaring class' for annotation type [org.springframework.test.context.ActiveProfiles] and class [com.udacity.ecommerce.ECommerceApplicationTests]
16:20:13.431 [main] DEBUG org.springframework.context.annotation.ClassPathScanningCandidateComponentProvider - Identified candidate component class: file [/var/jenkins_home/workspace/eCommerce Project/target/classes/com/udacity/ecommerce/ECommerceApplication.class]
16:20:13.432 [main] INFO org.springframework.boot.test.context.SpringBootTestContextBootstrapper - Found @SpringBootConfiguration com.udacity.ecommerce.ECommerceApplication for test class com.udacity.ecommerce.ECommerceApplicationTests
16:20:13.607 [main] DEBUG org.springframework.boot.test.context.SpringBootTestContextBootstrapper - @TestExecutionListeners is not present for class [com.udacity.ecommerce.ECommerceApplicationTests]: using defaults.
16:20:13.608 [main] INFO org.springframework.boot.test.context.SpringBootTestContextBootstrapper - Loaded default TestExecutionListener class names from location [META-INF/spring.factories]: [org.springframework.boot.test.mock.mockito.MockitoTestExecutionListener, org.springframework.boot.test.mock.mockito.ResetMocksTestExecutionListener, org.springframework.boot.test.autoconfigure.restdocs.RestDocsTestExecutionListener, org.springframework.boot.test.autoconfigure.web.client.MockRestServiceServerResetTestExecutionListener, org.springframework.boot.test.autoconfigure.web.servlet.MockMvcPrintOnlyOnFailureTestExecutionListener, org.springframework.boot.test.autoconfigure.web.servlet.WebDriverTestExecutionListener, org.springframework.test.context.web.ServletTestExecutionListener, org.springframework.test.context.support.DirtiesContextBeforeModesTestExecutionListener, org.springframework.test.context.support.DependencyInjectionTestExecutionListener, org.springframework.test.context.support.DirtiesContextTestExecutionListener, org.springframework.test.context.transaction.TransactionalTestExecutionListener, org.springframework.test.context.jdbc.SqlScriptsTestExecutionListener]
16:20:13.636 [main] INFO org.springframework.boot.test.context.SpringBootTestContextBootstrapper - Using TestExecutionListeners: [org.springframework.test.context.web.ServletTestExecutionListener@7ceb3185, org.springframework.test.context.support.DirtiesContextBeforeModesTestExecutionListener@436c81a3, org.springframework.boot.test.mock.mockito.MockitoTestExecutionListener@3561c410, org.springframework.boot.test.autoconfigure.SpringBootDependencyInjectionTestExecutionListener@59e32960, org.springframework.test.context.support.DirtiesContextTestExecutionListener@7c214cc0, org.springframework.test.context.transaction.TransactionalTestExecutionListener@5b67bb7e, org.springframework.test.context.jdbc.SqlScriptsTestExecutionListener@609db546, org.springframework.boot.test.mock.mockito.ResetMocksTestExecutionListener@20f5281c, org.springframework.boot.test.autoconfigure.restdocs.RestDocsTestExecutionListener@56c4278e, org.springframework.boot.test.autoconfigure.web.client.MockRestServiceServerResetTestExecutionListener@301eda63, org.springframework.boot.test.autoconfigure.web.servlet.MockMvcPrintOnlyOnFailureTestExecutionListener@3d246ea3, org.springframework.boot.test.autoconfigure.web.servlet.WebDriverTestExecutionListener@341814d3]
16:20:13.639 [main] DEBUG org.springframework.test.annotation.ProfileValueUtils - Retrieved @ProfileValueSourceConfiguration [null] for test class [com.udacity.ecommerce.ECommerceApplicationTests]
16:20:13.640 [main] DEBUG org.springframework.test.annotation.ProfileValueUtils - Retrieved ProfileValueSource type [class org.springframework.test.annotation.SystemProfileValueSource] for class [com.udacity.ecommerce.ECommerceApplicationTests]
16:20:13.642 [main] DEBUG org.springframework.test.annotation.ProfileValueUtils - Retrieved @ProfileValueSourceConfiguration [null] for test class [com.udacity.ecommerce.ECommerceApplicationTests]
16:20:13.643 [main] DEBUG org.springframework.test.annotation.ProfileValueUtils - Retrieved ProfileValueSource type [class org.springframework.test.annotation.SystemProfileValueSource] for class [com.udacity.ecommerce.ECommerceApplicationTests]
16:20:13.643 [main] DEBUG org.springframework.test.annotation.ProfileValueUtils - Retrieved @ProfileValueSourceConfiguration [null] for test class [com.udacity.ecommerce.ECommerceApplicationTests]
16:20:13.643 [main] DEBUG org.springframework.test.annotation.ProfileValueUtils - Retrieved ProfileValueSource type [class org.springframework.test.annotation.SystemProfileValueSource] for class [com.udacity.ecommerce.ECommerceApplicationTests]
16:20:13.645 [main] DEBUG org.springframework.test.annotation.ProfileValueUtils - Retrieved @ProfileValueSourceConfiguration [null] for test class [com.udacity.ecommerce.ECommerceApplicationTests]
16:20:13.645 [main] DEBUG org.springframework.test.annotation.ProfileValueUtils - Retrieved ProfileValueSource type [class org.springframework.test.annotation.SystemProfileValueSource] for class [com.udacity.ecommerce.ECommerceApplicationTests]
16:20:13.647 [main] DEBUG org.springframework.test.annotation.ProfileValueUtils - Retrieved @ProfileValueSourceConfiguration [null] for test class [com.udacity.ecommerce.ECommerceApplicationTests]
16:20:13.647 [main] DEBUG org.springframework.test.annotation.ProfileValueUtils - Retrieved ProfileValueSource type [class org.springframework.test.annotation.SystemProfileValueSource] for class [com.udacity.ecommerce.ECommerceApplicationTests]
16:20:13.657 [main] DEBUG org.springframework.test.context.support.AbstractDirtiesContextTestExecutionListener - Before test class: context [DefaultTestContext@291f18 testClass = ECommerceApplicationTests, testInstance = [null], testMethod = [null], testException = [null], mergedContextConfiguration = [WebMergedContextConfiguration@17d88132 testClass = ECommerceApplicationTests, locations = '{}', classes = '{class com.udacity.ecommerce.ECommerceApplication}', contextInitializerClasses = '[]', activeProfiles = '{}', propertySourceLocations = '{}', propertySourceProperties = '{org.springframework.boot.test.context.SpringBootTestContextBootstrapper=true}', contextCustomizers = set[org.springframework.boot.test.context.filter.ExcludeFilterContextCustomizer@29e495ff, org.springframework.boot.test.json.DuplicateJsonObjectContextCustomizerFactory$DuplicateJsonObjectContextCustomizer@4944252c, org.springframework.boot.test.mock.mockito.MockitoContextCustomizer@0, org.springframework.boot.test.web.client.TestRestTemplateContextCustomizer@22e357dc, org.springframework.boot.test.autoconfigure.properties.PropertyMappingContextCustomizer@0, org.springframework.boot.test.autoconfigure.web.servlet.WebDriverContextCustomizerFactory$Customizer@4d02f94e], resourceBasePath = 'src/main/webapp', contextLoader = 'org.springframework.boot.test.context.SpringBootContextLoader', parent = [null]], attributes = map['org.springframework.test.context.web.ServletTestExecutionListener.activateListener' -> true]], class annotated with @DirtiesContext [false] with mode [null].
16:20:13.658 [main] DEBUG org.springframework.test.annotation.ProfileValueUtils - Retrieved @ProfileValueSourceConfiguration [null] for test class [com.udacity.ecommerce.ECommerceApplicationTests]
16:20:13.659 [main] DEBUG org.springframework.test.annotation.ProfileValueUtils - Retrieved ProfileValueSource type [class org.springframework.test.annotation.SystemProfileValueSource] for class [com.udacity.ecommerce.ECommerceApplicationTests]
16:20:13.693 [main] DEBUG org.springframework.test.context.support.TestPropertySourceUtils - Adding inlined properties to environment: {spring.jmx.enabled=false, org.springframework.boot.test.context.SpringBootTestContextBootstrapper=true, server.port=-1}

  .   ____          _            __ _ _
 /\\ / ___'_ __ _ _(_)_ __  __ _ \ \ \ \
( ( )\___ | '_ | '_| | '_ \/ _` | \ \ \ \
 \\/  ___)| |_)| | | | | || (_| |  ) ) ) )
  '  |____| .__|_| |_|_| |_\__, | / / / /
 =========|_|==============|___/=/_/_/_/
 :: Spring Boot ::        (v2.1.5.RELEASE)

2021-02-12 16:20:14.186  INFO 3612 --- [           main] c.u.ecommerce.ECommerceApplicationTests  : Starting ECommerceApplicationTests on 019a36cedb5b with PID 3612 (started by jenkins in /var/jenkins_home/workspace/eCommerce Project)
2021-02-12 16:20:14.191  INFO 3612 --- [           main] c.u.ecommerce.ECommerceApplicationTests  : No active profile set, falling back to default profiles: default
2021-02-12 16:20:14.882  INFO 3612 --- [           main] .s.d.r.c.RepositoryConfigurationDelegate : Bootstrapping Spring Data repositories in DEFAULT mode.
2021-02-12 16:20:14.992  INFO 3612 --- [           main] .s.d.r.c.RepositoryConfigurationDelegate : Finished Spring Data repository scanning in 90ms. Found 4 repository interfaces.
2021-02-12 16:20:15.770  INFO 3612 --- [           main] trationDelegate$BeanPostProcessorChecker : Bean 'org.springframework.transaction.annotation.ProxyTransactionManagementConfiguration' of type [org.springframework.transaction.annotation.ProxyTransactionManagementConfiguration$$EnhancerBySpringCGLIB$$23b3a346] is not eligible for getting processed by all BeanPostProcessors (for example: not eligible for auto-proxying)
2021-02-12 16:20:16.086  INFO 3612 --- [           main] com.zaxxer.hikari.HikariDataSource       : HikariPool-1 - Starting...
2021-02-12 16:20:16.340  INFO 3612 --- [           main] com.zaxxer.hikari.HikariDataSource       : HikariPool-1 - Start completed.
2021-02-12 16:20:16.423  INFO 3612 --- [           main] o.hibernate.jpa.internal.util.LogHelper  : HHH000204: Processing PersistenceUnitInfo [
	name: default
	...]
2021-02-12 16:20:16.533  INFO 3612 --- [           main] org.hibernate.Version                    : HHH000412: Hibernate Core {5.3.10.Final}
2021-02-12 16:20:16.535  INFO 3612 --- [           main] org.hibernate.cfg.Environment            : HHH000206: hibernate.properties not found
2021-02-12 16:20:16.753  INFO 3612 --- [           main] o.hibernate.annotations.common.Version   : HCANN000001: Hibernate Commons Annotations {5.0.4.Final}
2021-02-12 16:20:16.961  INFO 3612 --- [           main] org.hibernate.dialect.Dialect            : HHH000400: Using dialect: org.hibernate.dialect.H2Dialect
2021-02-12 16:20:18.178  INFO 3612 --- [           main] j.LocalContainerEntityManagerFactoryBean : Initialized JPA EntityManagerFactory for persistence unit 'default'
2021-02-12 16:20:19.224  INFO 3612 --- [           main] o.s.s.web.DefaultSecurityFilterChain     : Creating filter chain: any request, [org.springframework.security.web.context.request.async.WebAsyncManagerIntegrationFilter@434b2e0c, org.springframework.security.web.context.SecurityContextPersistenceFilter@67671db1, org.springframework.security.web.header.HeaderWriterFilter@1f8d42d1, org.springframework.web.filter.CorsFilter@214e3185, org.springframework.security.web.authentication.logout.LogoutFilter@1c66cd02, com.udacity.ecommerce.security.AuthenticationFilter@75345e47, com.udacity.ecommerce.security.AuthorizationFilter@36f40d72, org.springframework.security.web.savedrequest.RequestCacheAwareFilter@2c846d55, org.springframework.security.web.servletapi.SecurityContextHolderAwareRequestFilter@73e25780, org.springframework.security.web.authentication.AnonymousAuthenticationFilter@2c557eee, org.springframework.security.web.session.SessionManagementFilter@22ab1b8a, org.springframework.security.web.access.ExceptionTranslationFilter@acd115d, org.springframework.security.web.access.intercept.FilterSecurityInterceptor@53d2f0ec]
2021-02-12 16:20:19.910  INFO 3612 --- [           main] o.s.s.concurrent.ThreadPoolTaskExecutor  : Initializing ExecutorService 'applicationTaskExecutor'
2021-02-12 16:20:19.979  WARN 3612 --- [           main] aWebConfiguration$JpaWebMvcConfiguration : spring.jpa.open-in-view is enabled by default. Therefore, database queries may be performed during view rendering. Explicitly configure spring.jpa.open-in-view to disable this warning
2021-02-12 16:20:20.405  INFO 3612 --- [           main] c.u.ecommerce.ECommerceApplicationTests  : Started ECommerceApplicationTests in 6.7 seconds (JVM running for 8.176)
[INFO] Tests run: 1, Failures: 0, Errors: 0, Skipped: 0, Time elapsed: 8.324 s - in com.udacity.ecommerce.ECommerceApplicationTests
[INFO] Running com.udacity.ecommerce.controllers.OrderControllerTest
2021-02-12 16:20:21.624 ERROR 3612 --- [           main] c.u.e.controllers.OrderController        : Error submitting order - Could not find user with username test
2021-02-12 16:20:21.633  INFO 3612 --- [           main] c.u.e.controllers.OrderController        : Order submitted successfully.
2021-02-12 16:20:21.651 ERROR 3612 --- [           main] c.u.e.controllers.OrderController        : Error getting orders by user - Could not find user with username test
2021-02-12 16:20:21.652  INFO 3612 --- [           main] c.u.e.controllers.OrderController        : Orders retrieved successfully.
[INFO] Tests run: 4, Failures: 0, Errors: 0, Skipped: 0, Time elapsed: 0.45 s - in com.udacity.ecommerce.controllers.OrderControllerTest
[INFO] Running com.udacity.ecommerce.controllers.UserControllerTest
2021-02-12 16:20:21.838 ERROR 3612 --- [           main] c.u.e.controllers.UserController         : Could not find user test
2021-02-12 16:20:21.845 ERROR 3612 --- [           main] c.u.e.controllers.UserController         : Error - could not create user. Password should contain at least 6 characters
2021-02-12 16:20:21.847 ERROR 3612 --- [           main] c.u.e.controllers.UserController         : User retrieved successfully.
2021-02-12 16:20:21.848 ERROR 3612 --- [           main] c.u.e.controllers.UserController         : Error - could not create user. Password should contain at least 6 characters
2021-02-12 16:20:21.856  INFO 3612 --- [           main] c.u.e.controllers.UserController         : User created successfully.
[INFO] Tests run: 6, Failures: 0, Errors: 0, Skipped: 0, Time elapsed: 0.199 s - in com.udacity.ecommerce.controllers.UserControllerTest
[INFO] Running com.udacity.ecommerce.controllers.CartControllerTest
2021-02-12 16:20:21.954  INFO 3612 --- [           main] c.u.e.controllers.CartController         : Cart saved successfully.
2021-02-12 16:20:21.955 ERROR 3612 --- [           main] c.u.e.controllers.CartController         : Error - Could not find user with username null
[INFO] Tests run: 3, Failures: 0, Errors: 0, Skipped: 0, Time elapsed: 0.093 s - in com.udacity.ecommerce.controllers.CartControllerTest
[INFO] Running com.udacity.ecommerce.controllers.ItemControllerTest
[INFO] Tests run: 5, Failures: 0, Errors: 0, Skipped: 0, Time elapsed: 0.002 s - in com.udacity.ecommerce.controllers.ItemControllerTest
2021-02-12 16:20:21.979  INFO 3612 --- [       Thread-2] o.s.s.concurrent.ThreadPoolTaskExecutor  : Shutting down ExecutorService 'applicationTaskExecutor'
2021-02-12 16:20:21.985  INFO 3612 --- [       Thread-2] j.LocalContainerEntityManagerFactoryBean : Closing JPA EntityManagerFactory for persistence unit 'default'
2021-02-12 16:20:21.991  INFO 3612 --- [       Thread-2] com.zaxxer.hikari.HikariDataSource       : HikariPool-1 - Shutdown initiated...
2021-02-12 16:20:22.003  INFO 3612 --- [       Thread-2] com.zaxxer.hikari.HikariDataSource       : HikariPool-1 - Shutdown completed.
[INFO] 
[INFO] Results:
[INFO] 
[INFO] Tests run: 19, Failures: 0, Errors: 0, Skipped: 0
[INFO] 
[INFO] 
[INFO] --- maven-jar-plugin:3.2.0:jar (default-jar) @ ecommerce-app ---
[INFO] Building jar: /var/jenkins_home/workspace/eCommerce Project/target/ecommerce-app-0.0.1-SNAPSHOT.jar
[INFO] 
[INFO] --- spring-boot-maven-plugin:2.1.5.RELEASE:repackage (repackage) @ ecommerce-app ---
[INFO] Replacing main artifact with repackaged archive
[INFO] ------------------------------------------------------------------------
[INFO] BUILD SUCCESS
[INFO] ------------------------------------------------------------------------
[INFO] Total time:  12.570 s
[INFO] Finished at: 2021-02-12T16:20:23Z
[INFO] ------------------------------------------------------------------------
Finished: SUCCESS